<?xml version='1.0' encoding='UTF-8'?>
<testsuites>
  <testsuite name="Test Suite" device="ZD222Q6L7L" tests="5" failures="0" time="118">
    <testcase id="Completefavorites" name="Completefavorites" classname="Completefavorites" time="49" status="SUCCESS"/>
    <testcase id="favorites" name="favorites" classname="favorites" time="19" status="SUCCESS"/>
    <testcase id="footernavigation" name="footernavigation" classname="footernavigation" time="18" status="SUCCESS"/>
    <testcase id="Headertitle" name="Headertitle" classname="Headertitle" time="16" status="SUCCESS"/>
    <testcase id="hotel-search" name="hotel-search" classname="hotel-search" time="16" status="SUCCESS"/>
  </testsuite>
</testsuites>
